-------------------------------------------------------------------------------
Test set: com.lutteced.LuttecedDream.LuttecedDreamApplicationTests
-------------------------------------------------------------------------------
Tests run: 1, Failures: 0, Errors: 1, Skipped: 0, Time elapsed: 4.37 s <<< FAILURE! - in com.lutteced.LuttecedDream.LuttecedDreamApplicationTests
com.lutteced.LuttecedDream.LuttecedDreamApplicationTests  Time elapsed: 4.367 s  <<< ERROR!
java.lang.IllegalStateException: Unable to find a @SpringBootConfiguration, you need to use @ContextConfiguration or @SpringBootTest(classes=...) with your test

